<?xml version="1.0" encoding="utf-8"?><testsuites name="pytest tests"><testsuite name="pytest" errors="0" failures="0" skipped="0" tests="9" time="5.142" timestamp="2026-08-08T11:21:52.281547+00:00" hostname="agent-env-0d3ff80e-fe49-4398-8512-9cd41b9449ce"><testcase classname="tests.backend_test" name="test_login_owner" time="0.465" /><testcase classname="tests.backend_test" name="test_login_bad_password" time="0.319" /><testcase classname="tests.backend_test" name="test_auth_me" time="0.411" /><testcase classname="tests.backend_test" name="test_dashboard" time="0.112" /><testcase classname="tests.backend_test" name="test_tables_list" time="0.098" /><testcase classname="tests.backend_test" name="test_cashier_discount_role_limits" time="1.636" /><testcase classname="tests.backend_test" name="test_sold_out_item_rejected" time="0.598" /><testcase classname="tests.backend_test" name="test_maintenance_blocks_customer" time="0.380" /><testcase classname="tests.backend_test" name="test_idempotency_dedupe" time="0.570" /></testsuite></testsuites>